# Logfile created on 2014-01-24 12:16:07 -0500 by logger.rb/44203
I, [2014-01-24T12:16:07.169805 #8220]  INFO -- : 0:  backports (3.4.0) from /Users/jackhenley/.rvm/gems/ruby-2.1.0/specifications/backports-3.4.0.gemspec
I, [2014-01-24T12:16:07.170092 #8220]  INFO -- : 0:  multi_json (1.8.4) from /Users/jackhenley/.rvm/gems/ruby-2.1.0/specifications/multi_json-1.8.4.gemspec
I, [2014-01-24T12:16:07.170292 #8220]  INFO -- : 0:  rack (1.5.2) from /Users/jackhenley/.rvm/gems/ruby-2.1.0/specifications/rack-1.5.2.gemspec
I, [2014-01-24T12:16:07.170506 #8220]  INFO -- : 0:  rack-protection (1.5.2) from /Users/jackhenley/.rvm/gems/ruby-2.1.0/specifications/rack-protection-1.5.2.gemspec
I, [2014-01-24T12:16:07.170735 #8220]  INFO -- : 0:  rack-test (0.6.2) from /Users/jackhenley/.rvm/gems/ruby-2.1.0/specifications/rack-test-0.6.2.gemspec
I, [2014-01-24T12:16:07.170943 #8220]  INFO -- : 0:  tilt (1.4.1) from /Users/jackhenley/.rvm/gems/ruby-2.1.0/specifications/tilt-1.4.1.gemspec
I, [2014-01-24T12:16:07.171143 #8220]  INFO -- : 0:  sinatra (1.4.4) from /Users/jackhenley/.rvm/gems/ruby-2.1.0/specifications/sinatra-1.4.4.gemspec
I, [2014-01-24T12:16:07.171364 #8220]  INFO -- : 0:  sinatra-contrib (1.4.2) from /Users/jackhenley/.rvm/gems/ruby-2.1.0/specifications/sinatra-contrib-1.4.2.gemspec
I, [2014-01-24T12:16:07.171592 #8220]  INFO -- : 0:  sinatra-reloader (1.0) from /Users/jackhenley/.rvm/gems/ruby-2.1.0/specifications/sinatra-reloader-1.0.gemspec
I, [2014-01-24T12:16:08.032296 #8220]  INFO -- : 0:  yahoofinance (1.2.2) from /Users/jackhenley/.rvm/gems/ruby-2.1.0/specifications/yahoofinance-1.2.2.gemspec
I, [2014-01-24T12:16:08.032783 #8220]  INFO -- : 0:  bundler (1.5.1) from /Users/jackhenley/.rvm/gems/ruby-2.1.0@global/specifications/bundler-1.5.1.gemspec
I, [2014-01-24T14:15:40.209269 #9073]  INFO -- : 0:  backports (3.4.0) from /Users/jackhenley/.rvm/gems/ruby-2.1.0/specifications/backports-3.4.0.gemspec
I, [2014-01-24T14:15:41.396277 #9073]  INFO -- : 0:  dotenv (0.9.0) from /Users/jackhenley/.rvm/gems/ruby-2.1.0/specifications/dotenv-0.9.0.gemspec
I, [2014-01-24T14:15:41.396661 #9073]  INFO -- : 0:  multi_json (1.8.4) from /Users/jackhenley/.rvm/gems/ruby-2.1.0/specifications/multi_json-1.8.4.gemspec
I, [2014-01-24T14:15:41.396898 #9073]  INFO -- : 0:  rack (1.5.2) from /Users/jackhenley/.rvm/gems/ruby-2.1.0/specifications/rack-1.5.2.gemspec
I, [2014-01-24T14:15:41.397135 #9073]  INFO -- : 0:  rack-protection (1.5.2) from /Users/jackhenley/.rvm/gems/ruby-2.1.0/specifications/rack-protection-1.5.2.gemspec
I, [2014-01-24T14:15:41.397371 #9073]  INFO -- : 0:  rack-test (0.6.2) from /Users/jackhenley/.rvm/gems/ruby-2.1.0/specifications/rack-test-0.6.2.gemspec
I, [2014-01-24T14:15:41.397605 #9073]  INFO -- : 0:  tilt (1.4.1) from /Users/jackhenley/.rvm/gems/ruby-2.1.0/specifications/tilt-1.4.1.gemspec
I, [2014-01-24T14:15:41.397840 #9073]  INFO -- : 0:  sinatra (1.4.4) from /Users/jackhenley/.rvm/gems/ruby-2.1.0/specifications/sinatra-1.4.4.gemspec
I, [2014-01-24T14:15:41.398074 #9073]  INFO -- : 0:  sinatra-contrib (1.4.2) from /Users/jackhenley/.rvm/gems/ruby-2.1.0/specifications/sinatra-contrib-1.4.2.gemspec
I, [2014-01-24T14:15:41.398311 #9073]  INFO -- : 0:  sinatra-reloader (1.0) from /Users/jackhenley/.rvm/gems/ruby-2.1.0/specifications/sinatra-reloader-1.0.gemspec
I, [2014-01-24T14:15:41.398547 #9073]  INFO -- : 0:  yahoofinance (1.2.2) from /Users/jackhenley/.rvm/gems/ruby-2.1.0/specifications/yahoofinance-1.2.2.gemspec
I, [2014-01-24T14:15:41.398775 #9073]  INFO -- : 0:  bundler (1.5.1) from /Users/jackhenley/.rvm/gems/ruby-2.1.0@global/specifications/bundler-1.5.1.gemspec
I, [2014-01-24T14:32:54.690150 #9258]  INFO -- : 0:  addressable (2.3.5) from /Users/jackhenley/.rvm/gems/ruby-2.1.0/specifications/addressable-2.3.5.gemspec
I, [2014-01-24T14:32:54.690470 #9258]  INFO -- : 0:  atomic (1.1.14) from /Users/jackhenley/.rvm/gems/ruby-2.1.0/specifications/atomic-1.1.14.gemspec
I, [2014-01-24T14:32:54.690723 #9258]  INFO -- : 0:  backports (3.4.0) from /Users/jackhenley/.rvm/gems/ruby-2.1.0/specifications/backports-3.4.0.gemspec
I, [2014-01-24T14:32:55.868929 #9258]  INFO -- : 0:  buftok (0.2.0) from /Users/jackhenley/.rvm/gems/ruby-2.1.0/specifications/buftok-0.2.0.gemspec
I, [2014-01-24T14:32:56.691745 #9258]  INFO -- : 0:  descendants_tracker (0.0.3) from /Users/jackhenley/.rvm/gems/ruby-2.1.0/specifications/descendants_tracker-0.0.3.gemspec
I, [2014-01-24T14:32:56.692127 #9258]  INFO -- : 0:  dotenv (0.9.0) from /Users/jackhenley/.rvm/gems/ruby-2.1.0/specifications/dotenv-0.9.0.gemspec
I, [2014-01-24T14:32:57.513887 #9258]  INFO -- : 0:  equalizer (0.0.9) from /Users/jackhenley/.rvm/gems/ruby-2.1.0/specifications/equalizer-0.0.9.gemspec
I, [2014-01-24T14:32:58.332048 #9258]  INFO -- : 0:  multipart-post (2.0.0) from /Users/jackhenley/.rvm/gems/ruby-2.1.0/specifications/multipart-post-2.0.0.gemspec
I, [2014-01-24T14:32:59.309948 #9258]  INFO -- : 0:  faraday (0.9.0) from /Users/jackhenley/.rvm/gems/ruby-2.1.0/specifications/faraday-0.9.0.gemspec
I, [2014-01-24T14:33:00.626992 #9258]  INFO -- : 0:  http_parser.rb (0.6.0) from /Users/jackhenley/.rvm/gems/ruby-2.1.0/specifications/http_parser.rb-0.6.0.gemspec
I, [2014-01-24T14:33:01.538878 #9258]  INFO -- : 0:  http (0.5.0) from /Users/jackhenley/.rvm/gems/ruby-2.1.0/specifications/http-0.5.0.gemspec
I, [2014-01-24T14:33:01.539373 #9258]  INFO -- : 0:  json (1.8.1) from /Users/jackhenley/.rvm/rubies/ruby-2.1.0/lib/ruby/gems/2.1.0/specifications/default/json-1.8.1.gemspec
I, [2014-01-24T14:33:01.539734 #9258]  INFO -- : 0:  thread_safe (0.1.3) from /Users/jackhenley/.rvm/gems/ruby-2.1.0/specifications/thread_safe-0.1.3.gemspec
I, [2014-01-24T14:33:02.341910 #9258]  INFO -- : 0:  memoizable (0.4.0) from /Users/jackhenley/.rvm/gems/ruby-2.1.0/specifications/memoizable-0.4.0.gemspec
I, [2014-01-24T14:33:02.342342 #9258]  INFO -- : 0:  multi_json (1.8.4) from /Users/jackhenley/.rvm/gems/ruby-2.1.0/specifications/multi_json-1.8.4.gemspec
I, [2014-01-24T14:33:02.342624 #9258]  INFO -- : 0:  rack (1.5.2) from /Users/jackhenley/.rvm/gems/ruby-2.1.0/specifications/rack-1.5.2.gemspec
I, [2014-01-24T14:33:02.342942 #9258]  INFO -- : 0:  rack-protection (1.5.2) from /Users/jackhenley/.rvm/gems/ruby-2.1.0/specifications/rack-protection-1.5.2.gemspec
I, [2014-01-24T14:33:02.343237 #9258]  INFO -- : 0:  rack-test (0.6.2) from /Users/jackhenley/.rvm/gems/ruby-2.1.0/specifications/rack-test-0.6.2.gemspec
I, [2014-01-24T14:33:02.864399 #9258]  INFO -- : 0:  simple_oauth (0.2.0) from /Users/jackhenley/.rvm/gems/ruby-2.1.0/specifications/simple_oauth-0.2.0.gemspec
I, [2014-01-24T14:33:02.864927 #9258]  INFO -- : 0:  tilt (1.4.1) from /Users/jackhenley/.rvm/gems/ruby-2.1.0/specifications/tilt-1.4.1.gemspec
I, [2014-01-24T14:33:02.865348 #9258]  INFO -- : 0:  sinatra (1.4.4) from /Users/jackhenley/.rvm/gems/ruby-2.1.0/specifications/sinatra-1.4.4.gemspec
I, [2014-01-24T14:33:02.865679 #9258]  INFO -- : 0:  sinatra-contrib (1.4.2) from /Users/jackhenley/.rvm/gems/ruby-2.1.0/specifications/sinatra-contrib-1.4.2.gemspec
I, [2014-01-24T14:33:02.866057 #9258]  INFO -- : 0:  sinatra-reloader (1.0) from /Users/jackhenley/.rvm/gems/ruby-2.1.0/specifications/sinatra-reloader-1.0.gemspec
I, [2014-01-24T14:33:04.540763 #9258]  INFO -- : 0:  twitter (5.5.1) from /Users/jackhenley/.rvm/gems/ruby-2.1.0/specifications/twitter-5.5.1.gemspec
I, [2014-01-24T14:33:04.541185 #9258]  INFO -- : 0:  yahoofinance (1.2.2) from /Users/jackhenley/.rvm/gems/ruby-2.1.0/specifications/yahoofinance-1.2.2.gemspec
I, [2014-01-24T14:33:04.541501 #9258]  INFO -- : 0:  bundler (1.5.1) from /Users/jackhenley/.rvm/gems/ruby-2.1.0@global/specifications/bundler-1.5.1.gemspec
I, [2014-01-24T14:47:30.639250 #9519]  INFO -- : 0:  addressable (2.3.5) from /Users/jackhenley/.rvm/gems/ruby-2.1.0/specifications/addressable-2.3.5.gemspec
I, [2014-01-24T14:47:30.639563 #9519]  INFO -- : 0:  atomic (1.1.14) from /Users/jackhenley/.rvm/gems/ruby-2.1.0/specifications/atomic-1.1.14.gemspec
I, [2014-01-24T14:47:30.639781 #9519]  INFO -- : 0:  backports (3.4.0) from /Users/jackhenley/.rvm/gems/ruby-2.1.0/specifications/backports-3.4.0.gemspec
I, [2014-01-24T14:47:30.639991 #9519]  INFO -- : 0:  buftok (0.2.0) from /Users/jackhenley/.rvm/gems/ruby-2.1.0/specifications/buftok-0.2.0.gemspec
I, [2014-01-24T14:47:30.640212 #9519]  INFO -- : 0:  descendants_tracker (0.0.3) from /Users/jackhenley/.rvm/gems/ruby-2.1.0/specifications/descendants_tracker-0.0.3.gemspec
I, [2014-01-24T14:47:30.640413 #9519]  INFO -- : 0:  dotenv (0.9.0) from /Users/jackhenley/.rvm/gems/ruby-2.1.0/specifications/dotenv-0.9.0.gemspec
I, [2014-01-24T14:47:30.640608 #9519]  INFO -- : 0:  equalizer (0.0.9) from /Users/jackhenley/.rvm/gems/ruby-2.1.0/specifications/equalizer-0.0.9.gemspec
I, [2014-01-24T14:47:30.640805 #9519]  INFO -- : 0:  multipart-post (2.0.0) from /Users/jackhenley/.rvm/gems/ruby-2.1.0/specifications/multipart-post-2.0.0.gemspec
I, [2014-01-24T14:47:30.641002 #9519]  INFO -- : 0:  faraday (0.9.0) from /Users/jackhenley/.rvm/gems/ruby-2.1.0/specifications/faraday-0.9.0.gemspec
I, [2014-01-24T14:47:30.641198 #9519]  INFO -- : 0:  http_parser.rb (0.6.0) from /Users/jackhenley/.rvm/gems/ruby-2.1.0/specifications/http_parser.rb-0.6.0.gemspec
I, [2014-01-24T14:47:30.641394 #9519]  INFO -- : 0:  http (0.5.0) from /Users/jackhenley/.rvm/gems/ruby-2.1.0/specifications/http-0.5.0.gemspec
I, [2014-01-24T14:47:30.641578 #9519]  INFO -- : 0:  json (1.8.1) from /Users/jackhenley/.rvm/rubies/ruby-2.1.0/lib/ruby/gems/2.1.0/specifications/default/json-1.8.1.gemspec
I, [2014-01-24T14:47:30.641773 #9519]  INFO -- : 0:  thread_safe (0.1.3) from /Users/jackhenley/.rvm/gems/ruby-2.1.0/specifications/thread_safe-0.1.3.gemspec
I, [2014-01-24T14:47:30.642010 #9519]  INFO -- : 0:  memoizable (0.4.0) from /Users/jackhenley/.rvm/gems/ruby-2.1.0/specifications/memoizable-0.4.0.gemspec
I, [2014-01-24T14:47:30.642227 #9519]  INFO -- : 0:  multi_json (1.8.4) from /Users/jackhenley/.rvm/gems/ruby-2.1.0/specifications/multi_json-1.8.4.gemspec
I, [2014-01-24T14:47:30.642429 #9519]  INFO -- : 0:  rack (1.5.2) from /Users/jackhenley/.rvm/gems/ruby-2.1.0/specifications/rack-1.5.2.gemspec
I, [2014-01-24T14:47:30.642784 #9519]  INFO -- : 0:  rack-protection (1.5.2) from /Users/jackhenley/.rvm/gems/ruby-2.1.0/specifications/rack-protection-1.5.2.gemspec
I, [2014-01-24T14:47:30.643190 #9519]  INFO -- : 0:  rack-test (0.6.2) from /Users/jackhenley/.rvm/gems/ruby-2.1.0/specifications/rack-test-0.6.2.gemspec
I, [2014-01-24T14:47:30.643585 #9519]  INFO -- : 0:  simple_oauth (0.2.0) from /Users/jackhenley/.rvm/gems/ruby-2.1.0/specifications/simple_oauth-0.2.0.gemspec
I, [2014-01-24T14:47:30.643980 #9519]  INFO -- : 0:  tilt (1.4.1) from /Users/jackhenley/.rvm/gems/ruby-2.1.0/specifications/tilt-1.4.1.gemspec
I, [2014-01-24T14:47:30.644368 #9519]  INFO -- : 0:  sinatra (1.4.4) from /Users/jackhenley/.rvm/gems/ruby-2.1.0/specifications/sinatra-1.4.4.gemspec
I, [2014-01-24T14:47:30.644614 #9519]  INFO -- : 0:  sinatra-contrib (1.4.2) from /Users/jackhenley/.rvm/gems/ruby-2.1.0/specifications/sinatra-contrib-1.4.2.gemspec
I, [2014-01-24T14:47:30.644863 #9519]  INFO -- : 0:  sinatra-reloader (1.0) from /Users/jackhenley/.rvm/gems/ruby-2.1.0/specifications/sinatra-reloader-1.0.gemspec
I, [2014-01-24T14:47:30.645085 #9519]  INFO -- : 0:  twitter (5.5.1) from /Users/jackhenley/.rvm/gems/ruby-2.1.0/specifications/twitter-5.5.1.gemspec
I, [2014-01-24T14:47:30.645360 #9519]  INFO -- : 0:  yahoofinance (1.2.2) from /Users/jackhenley/.rvm/gems/ruby-2.1.0/specifications/yahoofinance-1.2.2.gemspec
I, [2014-01-24T14:47:30.645646 #9519]  INFO -- : 0:  bundler (1.5.1) from /Users/jackhenley/.rvm/gems/ruby-2.1.0@global/specifications/bundler-1.5.1.gemspec
I, [2014-01-24T15:28:46.238538 #10098]  INFO -- : 0:  addressable (2.3.5) from /Users/jackhenley/.rvm/gems/ruby-2.1.0/specifications/addressable-2.3.5.gemspec
I, [2014-01-24T15:28:46.239120 #10098]  INFO -- : 0:  atomic (1.1.14) from /Users/jackhenley/.rvm/gems/ruby-2.1.0/specifications/atomic-1.1.14.gemspec
I, [2014-01-24T15:28:46.239514 #10098]  INFO -- : 0:  backports (3.4.0) from /Users/jackhenley/.rvm/gems/ruby-2.1.0/specifications/backports-3.4.0.gemspec
I, [2014-01-24T15:28:46.239835 #10098]  INFO -- : 0:  buftok (0.2.0) from /Users/jackhenley/.rvm/gems/ruby-2.1.0/specifications/buftok-0.2.0.gemspec
I, [2014-01-24T15:28:46.240199 #10098]  INFO -- : 0:  descendants_tracker (0.0.3) from /Users/jackhenley/.rvm/gems/ruby-2.1.0/specifications/descendants_tracker-0.0.3.gemspec
I, [2014-01-24T15:28:46.240510 #10098]  INFO -- : 0:  dotenv (0.9.0) from /Users/jackhenley/.rvm/gems/ruby-2.1.0/specifications/dotenv-0.9.0.gemspec
I, [2014-01-24T15:28:46.240822 #10098]  INFO -- : 0:  equalizer (0.0.9) from /Users/jackhenley/.rvm/gems/ruby-2.1.0/specifications/equalizer-0.0.9.gemspec
I, [2014-01-24T15:28:46.241223 #10098]  INFO -- : 0:  multipart-post (2.0.0) from /Users/jackhenley/.rvm/gems/ruby-2.1.0/specifications/multipart-post-2.0.0.gemspec
I, [2014-01-24T15:28:46.241617 #10098]  INFO -- : 0:  faraday (0.9.0) from /Users/jackhenley/.rvm/gems/ruby-2.1.0/specifications/faraday-0.9.0.gemspec
I, [2014-01-24T15:28:46.242015 #10098]  INFO -- : 0:  http_parser.rb (0.6.0) from /Users/jackhenley/.rvm/gems/ruby-2.1.0/specifications/http_parser.rb-0.6.0.gemspec
I, [2014-01-24T15:28:46.242431 #10098]  INFO -- : 0:  http (0.5.0) from /Users/jackhenley/.rvm/gems/ruby-2.1.0/specifications/http-0.5.0.gemspec
I, [2014-01-24T15:28:46.242820 #10098]  INFO -- : 0:  json (1.8.1) from /Users/jackhenley/.rvm/rubies/ruby-2.1.0/lib/ruby/gems/2.1.0/specifications/default/json-1.8.1.gemspec
I, [2014-01-24T15:28:46.243167 #10098]  INFO -- : 0:  thread_safe (0.1.3) from /Users/jackhenley/.rvm/gems/ruby-2.1.0/specifications/thread_safe-0.1.3.gemspec
I, [2014-01-24T15:28:46.243533 #10098]  INFO -- : 0:  memoizable (0.4.0) from /Users/jackhenley/.rvm/gems/ruby-2.1.0/specifications/memoizable-0.4.0.gemspec
I, [2014-01-24T15:28:46.243923 #10098]  INFO -- : 0:  multi_json (1.8.4) from /Users/jackhenley/.rvm/gems/ruby-2.1.0/specifications/multi_json-1.8.4.gemspec
I, [2014-01-24T15:28:46.244305 #10098]  INFO -- : 0:  pg (0.17.1) from /Users/jackhenley/.rvm/gems/ruby-2.1.0/specifications/pg-0.17.1.gemspec
I, [2014-01-24T15:28:46.244682 #10098]  INFO -- : 0:  rack (1.5.2) from /Users/jackhenley/.rvm/gems/ruby-2.1.0/specifications/rack-1.5.2.gemspec
I, [2014-01-24T15:28:46.245083 #10098]  INFO -- : 0:  rack-protection (1.5.2) from /Users/jackhenley/.rvm/gems/ruby-2.1.0/specifications/rack-protection-1.5.2.gemspec
I, [2014-01-24T15:28:46.245476 #10098]  INFO -- : 0:  rack-test (0.6.2) from /Users/jackhenley/.rvm/gems/ruby-2.1.0/specifications/rack-test-0.6.2.gemspec
I, [2014-01-24T15:28:46.245920 #10098]  INFO -- : 0:  simple_oauth (0.2.0) from /Users/jackhenley/.rvm/gems/ruby-2.1.0/specifications/simple_oauth-0.2.0.gemspec
I, [2014-01-24T15:28:46.246457 #10098]  INFO -- : 0:  tilt (1.4.1) from /Users/jackhenley/.rvm/gems/ruby-2.1.0/specifications/tilt-1.4.1.gemspec
I, [2014-01-24T15:28:46.246916 #10098]  INFO -- : 0:  sinatra (1.4.4) from /Users/jackhenley/.rvm/gems/ruby-2.1.0/specifications/sinatra-1.4.4.gemspec
I, [2014-01-24T15:28:46.247329 #10098]  INFO -- : 0:  sinatra-contrib (1.4.2) from /Users/jackhenley/.rvm/gems/ruby-2.1.0/specifications/sinatra-contrib-1.4.2.gemspec
I, [2014-01-24T15:28:46.247722 #10098]  INFO -- : 0:  sinatra-reloader (1.0) from /Users/jackhenley/.rvm/gems/ruby-2.1.0/specifications/sinatra-reloader-1.0.gemspec
I, [2014-01-24T15:28:46.248055 #10098]  INFO -- : 0:  twitter (5.5.1) from /Users/jackhenley/.rvm/gems/ruby-2.1.0/specifications/twitter-5.5.1.gemspec
I, [2014-01-24T15:28:46.248378 #10098]  INFO -- : 0:  yahoofinance (1.2.2) from /Users/jackhenley/.rvm/gems/ruby-2.1.0/specifications/yahoofinance-1.2.2.gemspec
I, [2014-01-24T15:28:46.248660 #10098]  INFO -- : 0:  bundler (1.5.1) from /Users/jackhenley/.rvm/gems/ruby-2.1.0@global/specifications/bundler-1.5.1.gemspec
